2019-09-19 17:12:53.828 [main] INFO  org.red5.SpringBootRed5Application - Starting SpringBootRed5Application v0.2-SNAPSHOT on USER-20170220UE with PID 7608 (E:\code\re5git\red5-springboot\springboot_red5_netty\target\red5-0.2-SNAPSHOT.jar started by Administrator in E:\code\re5git\red5-springboot\springboot_red5_netty\target)
2019-09-19 17:12:53.830 [main] INFO  org.red5.SpringBootRed5Application - No active profile set, falling back to default profiles: default
2019-09-19 17:12:55.559 [main] INFO  o.s.b.w.e.tomcat.TomcatWebServer - Tomcat initialized with port(s): 5080 (http)
2019-09-19 17:12:55.573 [main] INFO  o.a.coyote.http11.Http11NioProtocol - Initializing ProtocolHandler ["http-nio-5080"]
2019-09-19 17:12:55.592 [main] INFO  o.a.catalina.core.StandardService - Starting service [Tomcat]
2019-09-19 17:12:55.594 [main] INFO  o.a.catalina.core.StandardEngine - Starting Servlet engine: [Apache Tomcat/9.0.22]
2019-09-19 17:12:55.685 [main] INFO  o.a.c.c.C.[Tomcat].[localhost].[/] - Initializing Spring embedded WebApplicationContext
2019-09-19 17:12:55.687 [main] INFO  o.s.web.context.ContextLoader - Root WebApplicationContext: initialization completed in 1808 ms
2019-09-19 17:12:56.101 [main] INFO  o.s.s.c.ThreadPoolTaskScheduler - Initializing ExecutorService 'rtmpScheduler'
2019-09-19 17:12:56.103 [main] INFO  o.s.s.c.ThreadPoolTaskExecutor - Initializing ExecutorService 'messageExecutor'
2019-09-19 17:12:56.104 [main] INFO  o.s.s.c.ThreadPoolTaskScheduler - Initializing ExecutorService 'deadlockGuardScheduler'
2019-09-19 17:12:56.110 [main] INFO  o.r.s.net.rtmp.RTMPMinaTransport - RTMP will be bound to [0.0.0.0:1935]
2019-09-19 17:12:56.111 [main] INFO  o.r.s.net.rtmp.RTMPMinaTransport - RTMP Mina Transport Settings
Acceptor style: default I/O threads: 8
TCP no-delay: true keep-alive: true
2019-09-19 17:12:56.174 [main] INFO  o.r.s.net.rtmp.RTMPMinaTransport - Traffic class modification is disabled
2019-09-19 17:12:56.175 [main] INFO  o.r.s.net.rtmp.RTMPMinaTransport - Send buffer size: 65536 recv buffer size: 65536 so linger: -1 traffic class: 0
2019-09-19 17:12:56.182 [main] INFO  o.r.s.net.http.HTTPMinaTransport - HTTP Mina Transport starting...
2019-09-19 17:12:56.212 [main] INFO  o.r.s.net.http.HTTPMinaTransport - HTTP Socket Acceptor bound to :80
2019-09-19 17:12:56.230 [main] INFO  o.r.s.n.http.HTTPApplicationAdapter - init http application adater
2019-09-19 17:12:56.233 [main] INFO  org.red5.server.scope.WebScope - Set server [Server@7d8704efmap[[empty]]]
2019-09-19 17:12:56.242 [main] INFO  org.red5.server.Server - Add mapping global: default host:  context: oflaDemo
2019-09-19 17:12:56.244 [main] INFO  org.red5.server.Server - Add mapping global: default host: localhost context: oflaDemo
2019-09-19 17:12:56.244 [main] INFO  org.red5.server.Server - Add mapping global: default host: localhost:5080 context: oflaDemo
2019-09-19 17:12:56.245 [main] INFO  org.red5.server.Server - Add mapping global: default host: 127.0.0.1:5080 context: oflaDemo
2019-09-19 17:12:56.247 [main] INFO  org.red5.demo.Application1 - oflaDemo appStart
2019-09-19 17:12:56.467 [main] INFO  o.s.b.a.w.s.WelcomePageHandlerMapping - Adding welcome page: class path resource [static/index.html]
2019-09-19 17:12:56.561 [main] INFO  o.a.coyote.http11.Http11NioProtocol - Starting ProtocolHandler ["http-nio-5080"]
2019-09-19 17:12:56.588 [main] INFO  o.s.b.w.e.tomcat.TomcatWebServer - Tomcat started on port(s): 5080 (http) with context path ''
2019-09-19 17:12:56.592 [main] INFO  org.red5.SpringBootRed5Application - Started SpringBootRed5Application in 3.087 seconds (JVM running for 3.693)
2019-09-19 17:13:46.552 [RTMPConnectionExecutor-1] INFO  org.red5.demo.Application1 - W3C x-category:session x-event:connect c-ip:127.0.0.1 c-client-id:0
2019-09-19 17:13:46.553 [RTMPConnectionExecutor-1] INFO  org.red5.demo.Application1 - oflaDemo appConnect
2019-09-19 17:13:46.584 [RTMPConnectionExecutor-1] INFO  org.red5.server.scope.BasicScope - ClientBroadcastStream already exists: org.red5.server.stream.ClientBroadcastStream@e688ad2 new: org.red5.server.stream.ClientBroadcastStream@e688ad2
2019-09-19 17:13:46.586 [RTMPConnectionExecutor-1] INFO  org.red5.demo.Application1 - W3C x-category:session x-event:connect c-ip:127.0.0.1 c-client-id:0
2019-09-19 17:13:46.587 [RTMPConnectionExecutor-1] INFO  org.red5.demo.Application1 - oflaDemo appConnect
2019-09-19 17:13:46.593 [RTMPConnectionExecutor-1] INFO  org.red5.demo.Application1 - W3C x-category:stream x-event:publish c-ip:127.0.0.1 x-sname:6c7ffb19-f98f-4c98-9242-9b286e29fcb2 x-name:sssssss
2019-09-19 17:13:46.611 [RTMPConnectionExecutor-1] INFO  o.r.s.n.h.s.MpegtsSegmenterService - http live stream publish : sssssss
